<?xml version="1.0" encoding="UTF-8"?>
<testsuite name="TestSuite" time="4.816" tests="27" errors="0" skipped="0" failures="0">
  <properties>
    <property name="java.runtime.name" value="Java(TM) SE Runtime Environment"/>
    <property name="sun.boot.library.path" value="C:\Program Files\Java\jdk1.8.0_152\jre\bin"/>
    <property name="java.vm.version" value="25.152-b16"/>
    <property name="java.vm.vendor" value="Oracle Corporation"/>
    <property name="maven.multiModuleProjectDirectory" value="C:\Users\mygoa\Desktop\java\My_Project\git\com.EmployeeRewardSystemTest"/>
    <property name="java.vendor.url" value="http://java.oracle.com/"/>
    <property name="path.separator" value=";"/>
    <property name="guice.disable.misplaced.annotation.check" value="true"/>
    <property name="java.vm.name" value="Java HotSpot(TM) 64-Bit Server VM"/>
    <property name="file.encoding.pkg" value="sun.io"/>
    <property name="user.script" value=""/>
    <property name="user.country" value="CA"/>
    <property name="sun.java.launcher" value="SUN_STANDARD"/>
    <property name="sun.os.patch.level" value=""/>
    <property name="java.vm.specification.name" value="Java Virtual Machine Specification"/>
    <property name="user.dir" value="C:\Users\mygoa\Desktop\java\My_Project\git\com.EmployeeRewardSystemTest"/>
    <property name="java.runtime.version" value="1.8.0_152-b16"/>
    <property name="java.awt.graphicsenv" value="sun.awt.Win32GraphicsEnvironment"/>
    <property name="java.endorsed.dirs" value="C:\Program Files\Java\jdk1.8.0_152\jre\lib\endorsed"/>
    <property name="os.arch" value="amd64"/>
    <property name="java.io.tmpdir" value="C:\Users\mygoa\AppData\Local\Temp\"/>
    <property name="line.separator" value="&#10;"/>
    <property name="java.vm.specification.vendor" value="Oracle Corporation"/>
    <property name="user.variant" value=""/>
    <property name="os.name" value="Windows 10"/>
    <property name="classworlds.conf" value="C:\Users\mygoa\Desktop\java\seleniumDemo\QA\SeleniumWorkSpace\.metadata\.plugins\org.eclipse.m2e.launching\launches\m2conf4175003056349904090.tmp"/>
    <property name="sun.jnu.encoding" value="Cp1252"/>
    <property name="java.library.path" value="C:\Program Files\Java\jdk1.8.0_152\bin;C:\WINDOWS\Sun\Java\bin;C:\WINDOWS\system32;C:\WINDOWS;C:/Program Files/Java/jre1.8.0_152/bin/server;C:/Program Files/Java/jre1.8.0_152/bin;C:/Program Files/Java/jre1.8.0_152/lib/amd64;C:\ProgramData\Oracle\Java\javapath;C:\Program Files\Common Files\Oracle\Java\javapath;C:\WINDOWS\system32;C:\WINDOWS;C:\WINDOWS\System32\Wbem;C:\WINDOWS\System32\WindowsPowerShell\v1.0\;C:\WINDOWS\System32\OpenSSH\;C:\Program Files (x86)\Microsoft SQL Server\150\DTS\Binn\;C:\Program Files\Microsoft SQL Server\Client SDK\ODBC\170\Tools\Binn\;C:\Program Files (x86)\Microsoft SQL Server\150\Tools\Binn\;C:\Program Files\Microsoft SQL Server\150\Tools\Binn\;C:\Program Files\Microsoft SQL Server\150\DTS\Binn\;C:\Program Files\dotnet\;C:\Program Files\Git\cmd;C:\ProgramData\chocolatey\bin;C:\Program Files\nodejs\;C:\Users\mygoa\Desktop\java\seleniumDemo\ant_setup\apache-ant-1.10.13\bin;C:\Users\mygoa\Desktop\java\seleniumDemo\apache-maven-3.9.2\bin;C:\Program Files\Java\jdk-11\bin;C:\Program Files\Java\jdk1.8.0_152\bin;C:\Users\mygoa\Desktop\java\SOFTWARE 64-BIT\SOFTWARE 64-BIT\eclipse;;."/>
    <property name="java.specification.name" value="Java Platform API Specification"/>
    <property name="java.class.version" value="52.0"/>
    <property name="sun.management.compiler" value="HotSpot 64-Bit Tiered Compilers"/>
    <property name="os.version" value="10.0"/>
    <property name="user.home" value="C:\Users\mygoa"/>
    <property name="user.timezone" value="America/New_York"/>
    <property name="java.awt.printerjob" value="sun.awt.windows.WPrinterJob"/>
    <property name="java.specification.version" value="1.8"/>
    <property name="file.encoding" value="Cp1252"/>
    <property name="user.name" value="mygoa"/>
    <property name="java.class.path" value="/C:/Users/mygoa/Desktop/java/SOFTWARE 64-BIT/SOFTWARE 64-BIT/eclipse/plugins/org.eclipse.m2e.maven.runtime_1.7.0.20160603-1931/jars/plexus-classworlds-2.5.2.jar"/>
    <property name="java.vm.specification.version" value="1.8"/>
    <property name="sun.arch.data.model" value="64"/>
    <property name="java.home" value="C:\Program Files\Java\jdk1.8.0_152\jre"/>
    <property name="sun.java.command" value="org.codehaus.plexus.classworlds.launcher.Launcher -B install"/>
    <property name="java.specification.vendor" value="Oracle Corporation"/>
    <property name="user.language" value="en"/>
    <property name="awt.toolkit" value="sun.awt.windows.WToolkit"/>
    <property name="java.vm.info" value="mixed mode"/>
    <property name="java.version" value="1.8.0_152"/>
    <property name="java.ext.dirs" value="C:\Program Files\Java\jdk1.8.0_152\jre\lib\ext;C:\WINDOWS\Sun\Java\lib\ext"/>
    <property name="sun.boot.class.path" value="C:\Program Files\Java\jdk1.8.0_152\jre\lib\resources.jar;C:\Program Files\Java\jdk1.8.0_152\jre\lib\rt.jar;C:\Program Files\Java\jdk1.8.0_152\jre\lib\sunrsasign.jar;C:\Program Files\Java\jdk1.8.0_152\jre\lib\jsse.jar;C:\Program Files\Java\jdk1.8.0_152\jre\lib\jce.jar;C:\Program Files\Java\jdk1.8.0_152\jre\lib\charsets.jar;C:\Program Files\Java\jdk1.8.0_152\jre\lib\jfr.jar;C:\Program Files\Java\jdk1.8.0_152\jre\classes"/>
    <property name="java.vendor" value="Oracle Corporation"/>
    <property name="maven.home" value="C:\Users\mygoa\Desktop\java\My_Project\git\com.EmployeeRewardSystemTest\EMBEDDED"/>
    <property name="file.separator" value="\"/>
    <property name="java.vendor.url.bug" value="http://bugreport.sun.com/bugreport/"/>
    <property name="sun.cpu.endian" value="little"/>
    <property name="sun.io.unicode.encoding" value="UnicodeLittle"/>
    <property name="sun.desktop" value="windows"/>
    <property name="sun.cpu.isalist" value="amd64"/>
  </properties>
  <testcase name="employeePageTitleTest" classname="com.qa.testcases.EmployeePageTest" time="0.025"/>
  <testcase name="homePageTitleTest" classname="com.qa.testcases.HomePageTest" time="0.172"/>
  <testcase name="jobRolePageTitleTest" classname="com.qa.testcases.JobRolePageTest" time="0.023"/>
  <testcase name="loginPageTitleTest" classname="com.qa.testcases.LoginPageTest" time="0.008"/>
  <testcase name="rewardPageTitleTest" classname="com.qa.testcases.RewardPageTest" time="0.008"/>
  <testcase name="employeePageLableTest" classname="com.qa.testcases.EmployeePageTest" time="0.071"/>
  <testcase name="employeePageLogoTest" classname="com.qa.testcases.EmployeePageTest" time="0.184"/>
  <testcase name="validateManuListTest" classname="com.qa.testcases.EmployeePageTest" time="0.031"/>
  <testcase name="homePageLogoTest" classname="com.qa.testcases.HomePageTest" time="0.148"/>
  <testcase name="validateManuListTest" classname="com.qa.testcases.HomePageTest" time="0.04"/>
  <testcase name="validateUserNameTest" classname="com.qa.testcases.HomePageTest" time="0.08"/>
  <testcase name="jobRolePageLableTest" classname="com.qa.testcases.JobRolePageTest" time="0.061"/>
  <testcase name="jobRolePageLogoTest" classname="com.qa.testcases.JobRolePageTest" time="0.131"/>
  <testcase name="validateManuListTest" classname="com.qa.testcases.JobRolePageTest" time="0.027"/>
  <testcase name="loginPageLogoTest" classname="com.qa.testcases.LoginPageTest" time="0.072"/>
  <testcase name="rewardPageLableTest" classname="com.qa.testcases.RewardPageTest" time="0.049"/>
  <testcase name="rewardPageLogoTest" classname="com.qa.testcases.RewardPageTest" time="0.112"/>
  <testcase name="saveEmployeeTest" classname="com.qa.testcases.EmployeePageTest" time="0"/>
  <testcase name="saveEmployeeTest" classname="com.qa.testcases.EmployeePageTest" time="0.001"/>
  <testcase name="saveEmployeeTest" classname="com.qa.testcases.EmployeePageTest" time="0"/>
  <testcase name="EmployeesLinkTest" classname="com.qa.testcases.HomePageTest" time="0.533"/>
  <testcase name="JobRoleLinkTest" classname="com.qa.testcases.HomePageTest" time="0.705"/>
  <testcase name="RewardLinkTest" classname="com.qa.testcases.HomePageTest" time="0.376"/>
  <testcase name="dasbordLinkTest" classname="com.qa.testcases.HomePageTest" time="0.262"/>
  <testcase name="saveJovRoleTest" classname="com.qa.testcases.JobRolePageTest" time="0.988"/>
  <testcase name="loginTest" classname="com.qa.testcases.LoginPageTest" time="0.674"/>
  <testcase name="validateManuListTest" classname="com.qa.testcases.RewardPageTest" time="0.035"/>
</testsuite>