<?xml version="1.0" encoding="UTF-8"?>
<testsuite name="TestSuite" time="2.789" tests="27" errors="0" skipped="0" failures="0">
  <properties>
    <property name="java.vendor" value="Oracle Corporation"/>
    <property name="JOB_NAME" value="ERSTestJob"/>
    <property name="RUN_TESTS_DISPLAY_URL" value="http://localhost:7070/job/ERSTestJob/16/display/redirect?page=tests"/>
    <property name="sun.java.launcher" value="SUN_STANDARD"/>
    <property name="NUMBER_OF_PROCESSORS" value="8"/>
    <property name="sun.management.compiler" value="HotSpot 64-Bit Tiered Compilers"/>
    <property name="JENKINS_HOME" value="C:\Users\mygoa\.jenkins"/>
    <property name="HUDSON_SERVER_COOKIE" value="e9db31a4948200ab"/>
    <property name="POM_ARTIFACTID" value="com.ERSTest"/>
    <property name="os.name" value="Windows 10"/>
    <property name="sun.boot.class.path" value="C:\Program Files\Java\jdk1.8.0_152\jre\lib\resources.jar;C:\Program Files\Java\jdk1.8.0_152\jre\lib\rt.jar;C:\Program Files\Java\jdk1.8.0_152\jre\lib\sunrsasign.jar;C:\Program Files\Java\jdk1.8.0_152\jre\lib\jsse.jar;C:\Program Files\Java\jdk1.8.0_152\jre\lib\jce.jar;C:\Program Files\Java\jdk1.8.0_152\jre\lib\charsets.jar;C:\Program Files\Java\jdk1.8.0_152\jre\lib\jfr.jar;C:\Program Files\Java\jdk1.8.0_152\jre\classes"/>
    <property name="EXECUTOR_NUMBER" value="1"/>
    <property name="sun.desktop" value="windows"/>
    <property name="PATHEXT" value=".COM;.EXE;.BAT;.CMD;.VBS;.VBE;.JS;.JSE;.WSF;.WSH;.MSC"/>
    <property name="java.vm.specification.vendor" value="Oracle Corporation"/>
    <property name="POM_DISPLAYNAME" value="com.ERSTest"/>
    <property name="NODE_LABELS" value="master"/>
    <property name="TEMP" value="C:\Users\mygoa\AppData\Local\Temp"/>
    <property name="java.runtime.version" value="1.8.0_152-b16"/>
    <property name="ANT_HOME" value="C:\Users\mygoa\Desktop\java\seleniumDemo\ant_setup\apache-ant-1.10.13"/>
    <property name="user.name" value="mygoa"/>
    <property name="guice.disable.misplaced.annotation.check" value="true"/>
    <property name="CommonProgramW6432" value="C:\Program Files\Common Files"/>
    <property name="ProgramFiles" value="C:\Program Files"/>
    <property name="PROMPT" value="$P$G"/>
    <property name="user.language" value="en"/>
    <property name="JOB_BASE_NAME" value="ERSTestJob"/>
    <property name="RUN_CHANGES_DISPLAY_URL" value="http://localhost:7070/job/ERSTestJob/16/display/redirect?page=changes"/>
    <property name="BUILD_DISPLAY_NAME" value="#16"/>
    <property name="OneDrive" value="C:\Users\mygoa\OneDrive"/>
    <property name="sun.boot.library.path" value="C:\Program Files\Java\jdk1.8.0_152\jre\bin"/>
    <property name="LOCALAPPDATA" value="C:\Users\mygoa\AppData\Local"/>
    <property name="java.version" value="1.8.0_152"/>
    <property name="PROCESSOR_LEVEL" value="6"/>
    <property name="user.timezone" value="America/New_York"/>
    <property name="USERNAME" value="mygoa"/>
    <property name="sun.arch.data.model" value="64"/>
    <property name="NODE_NAME" value="master"/>
    <property name="java.endorsed.dirs" value="C:\Program Files\Java\jdk1.8.0_152\jre\lib\endorsed"/>
    <property name="BUILD_ID" value="16"/>
    <property name="sun.cpu.isalist" value="amd64"/>
    <property name="sun.jnu.encoding" value="Cp1252"/>
    <property name="file.encoding.pkg" value="sun.io"/>
    <property name="file.separator" value="\"/>
    <property name="java.specification.name" value="Java Platform API Specification"/>
    <property name="HOMEDRIVE" value="C:"/>
    <property name="maven.conf" value="C:\Users\mygoa\.jenkins\tools\hudson.tasks.Maven_MavenInstallation\TestMaven\conf"/>
    <property name="java.class.version" value="52.0"/>
    <property name="=::" value="::\"/>
    <property name="org.slf4j.simpleLogger.defaultLogLevel" value="info"/>
    <property name="user.country" value="CA"/>
    <property name="ALLUSERSPROFILE" value="C:\ProgramData"/>
    <property name="java.home" value="C:\Program Files\Java\jdk1.8.0_152\jre"/>
    <property name="java.vm.info" value="mixed mode"/>
    <property name="os.version" value="10.0"/>
    <property name="RUN_DISPLAY_URL" value="http://localhost:7070/job/ERSTestJob/16/display/redirect"/>
    <property name="POM_VERSION" value="0.0.1-SNAPSHOT"/>
    <property name="TMP" value="C:\Users\mygoa\AppData\Local\Temp"/>
    <property name="RUN_ARTIFACTS_DISPLAY_URL" value="http://localhost:7070/job/ERSTestJob/16/display/redirect?page=artifacts"/>
    <property name="path.separator" value=";"/>
    <property name="java.vm.version" value="25.152-b16"/>
    <property name="user.variant" value=""/>
    <property name="JOB_DISPLAY_URL" value="http://localhost:7070/job/ERSTestJob/display/redirect"/>
    <property name="CommonProgramFiles(x86)" value="C:\Program Files (x86)\Common Files"/>
    <property name="USERDOMAIN_ROAMINGPROFILE" value="DESKTOP-76BMBH5"/>
    <property name="java.awt.printerjob" value="sun.awt.windows.WPrinterJob"/>
    <property name="JAVA_HOME" value="C:\Program Files\Java\jdk1.8.0_152"/>
    <property name="sun.io.unicode.encoding" value="UnicodeLittle"/>
    <property name="CommonProgramFiles" value="C:\Program Files\Common Files"/>
    <property name="ComSpec" value="C:\WINDOWS\system32\cmd.exe"/>
    <property name="awt.toolkit" value="sun.awt.windows.WToolkit"/>
    <property name="HOMEPATH" value="\Users\mygoa"/>
    <property name="POM_PACKAGING" value="jar"/>
    <property name="user.script" value=""/>
    <property name="COMPUTERNAME" value="DESKTOP-76BMBH5"/>
    <property name="POM_GROUPID" value="Test"/>
    <property name="user.home" value="C:\Users\mygoa"/>
    <property name="PUBLIC" value="C:\Users\Public"/>
    <property name="BUILD_TAG" value="jenkins-ERSTestJob-16"/>
    <property name="JENKINS_SERVER_COOKIE" value="e9db31a4948200ab"/>
    <property name="HUDSON_URL" value="http://localhost:7070/"/>
    <property name="ProgramData" value="C:\ProgramData"/>
    <property name="java.specification.vendor" value="Oracle Corporation"/>
    <property name="USERPROFILE" value="C:\Users\mygoa"/>
    <property name="CLASSPATH" value=""/>
    <property name="java.vendor.url" value="http://java.oracle.com/"/>
    <property name="java.library.path" value="C:\Program Files\Java\jdk1.8.0_152\bin;C:\WINDOWS\Sun\Java\bin;C:\WINDOWS\system32;C:\WINDOWS;C:\Users\mygoa\.jenkins\tools\hudson.tasks.Maven_MavenInstallation\TestMaven/bin;C:\Program Files\Java\jdk1.8.0_152/bin;C:\Program Files\Java\jdk1.8.0_152/bin;C:\ProgramData\Oracle\Java\javapath;C:\Program Files\Common Files\Oracle\Java\javapath;C:\WINDOWS\system32;C:\WINDOWS;C:\WINDOWS\System32\Wbem;C:\WINDOWS\System32\WindowsPowerShell\v1.0\;C:\WINDOWS\System32\OpenSSH\;C:\Program Files (x86)\Microsoft SQL Server\150\DTS\Binn\;C:\Program Files\Microsoft SQL Server\Client SDK\ODBC\170\Tools\Binn\;C:\Program Files (x86)\Microsoft SQL Server\150\Tools\Binn\;C:\Program Files\Microsoft SQL Server\150\Tools\Binn\;C:\Program Files\Microsoft SQL Server\150\DTS\Binn\;C:\Program Files\dotnet\;C:\Program Files\Git\cmd;C:\ProgramData\chocolatey\bin;C:\Program Files\nodejs\;C:\Users\mygoa\Desktop\java\seleniumDemo\ant_setup\apache-ant-1.10.13\bin;C:\Users\mygoa\Desktop\java\seleniumDemo\apache-maven-3.9.2\bin;C:\Program Files\Java\jdk-11\bin;C:\Program Files\Java\jdk1.8.0_152\bin;."/>
    <property name="java.vm.vendor" value="Oracle Corporation"/>
    <property name="APPDATA" value="C:\Users\mygoa\AppData\Roaming"/>
    <property name="ZES_ENABLE_SYSMAN" value="1"/>
    <property name="java.runtime.name" value="Java(TM) SE Runtime Environment"/>
    <property name="maven.home" value="C:\Users\mygoa\.jenkins\tools\hudson.tasks.Maven_MavenInstallation\TestMaven"/>
    <property name="java.class.path" value="C:\Users\mygoa\.jenkins\plugins\maven-plugin\WEB-INF\lib\maven35-agent-1.14.jar;C:\Users\mygoa\.jenkins\tools\hudson.tasks.Maven_MavenInstallation\TestMaven\boot\plexus-classworlds-2.7.0.jar;C:\Users\mygoa\.jenkins\tools\hudson.tasks.Maven_MavenInstallation\TestMaven/conf/logging"/>
    <property name="sun.java.command" value="jenkins.maven3.agent.Maven35Main C:\Users\mygoa\.jenkins\tools\hudson.tasks.Maven_MavenInstallation\TestMaven C:\Users\mygoa\.jenkins\war\WEB-INF\lib\remoting-4.13.2.jar C:\Users\mygoa\.jenkins\plugins\maven-plugin\WEB-INF\lib\maven35-interceptor-1.14.jar C:\Users\mygoa\.jenkins\plugins\maven-plugin\WEB-INF\lib\maven3-interceptor-commons-1.14.jar 52465"/>
    <property name="Path" value="C:\Program Files\Java\jdk1.8.0_152/bin;C:\ProgramData\Oracle\Java\javapath;C:\Program Files\Common Files\Oracle\Java\javapath;C:\WINDOWS\system32;C:\WINDOWS;C:\WINDOWS\System32\Wbem;C:\WINDOWS\System32\WindowsPowerShell\v1.0\;C:\WINDOWS\System32\OpenSSH\;C:\Program Files (x86)\Microsoft SQL Server\150\DTS\Binn\;C:\Program Files\Microsoft SQL Server\Client SDK\ODBC\170\Tools\Binn\;C:\Program Files (x86)\Microsoft SQL Server\150\Tools\Binn\;C:\Program Files\Microsoft SQL Server\150\Tools\Binn\;C:\Program Files\Microsoft SQL Server\150\DTS\Binn\;C:\Program Files\dotnet\;C:\Program Files\Git\cmd;C:\ProgramData\chocolatey\bin;C:\Program Files\nodejs\;C:\Users\mygoa\Desktop\java\seleniumDemo\ant_setup\apache-ant-1.10.13\bin;C:\Users\mygoa\Desktop\java\seleniumDemo\apache-maven-3.9.2\bin;C:\Program Files\Java\jdk-11\bin;C:\Program Files\Java\jdk1.8.0_152\bin"/>
    <property name="java.vm.specification.name" value="Java Virtual Machine Specification"/>
    <property name="PROCESSOR_ARCHITECTURE" value="AMD64"/>
    <property name="jansi.mode" value="strip"/>
    <property name="PATH+JDK" value="C:\Program Files\Java\jdk1.8.0_152/bin"/>
    <property name="PROCESSOR_IDENTIFIER" value="Intel64 Family 6 Model 140 Stepping 1, GenuineIntel"/>
    <property name="SESSIONNAME" value="Console"/>
    <property name="java.vm.specification.version" value="1.8"/>
    <property name="sun.os.patch.level" value=""/>
    <property name="sun.cpu.endian" value="little"/>
    <property name="M2_HOME" value="C:\Users\mygoa\.jenkins\tools\hudson.tasks.Maven_MavenInstallation\TestMaven"/>
    <property name="java.io.tmpdir" value="C:\Users\mygoa\AppData\Local\Temp\"/>
    <property name="CI" value="true"/>
    <property name="OS" value="Windows_NT"/>
    <property name="HUDSON_HOME" value="C:\Users\mygoa\.jenkins"/>
    <property name="PATH+MAVEN" value="C:\Users\mygoa\.jenkins\tools\hudson.tasks.Maven_MavenInstallation\TestMaven/bin"/>
    <property name="ProgramFiles(x86)" value="C:\Program Files (x86)"/>
    <property name="BUILD_URL" value="http://localhost:7070/job/ERSTestJob/16/"/>
    <property name="java.vendor.url.bug" value="http://bugreport.sun.com/bugreport/"/>
    <property name="java.awt.graphicsenv" value="sun.awt.Win32GraphicsEnvironment"/>
    <property name="os.arch" value="amd64"/>
    <property name="SystemRoot" value="C:\WINDOWS"/>
    <property name="java.ext.dirs" value="C:\Program Files\Java\jdk1.8.0_152\jre\lib\ext;C:\WINDOWS\Sun\Java\lib\ext"/>
    <property name="user.dir" value="C:\Users\mygoa\Desktop\java\seleniumDemo\QA\SeleniumWorkSpace\com.ERSTest"/>
    <property name="JOB_URL" value="http://localhost:7070/job/ERSTestJob/"/>
    <property name="LOGONSERVER" value="\\DESKTOP-76BMBH5"/>
    <property name="USERDOMAIN" value="DESKTOP-76BMBH5"/>
    <property name="line.separator" value="&#10;"/>
    <property name="MAVEN_HOME" value="C:\Users\mygoa\.jenkins\tools\hudson.tasks.Maven_MavenInstallation\TestMaven"/>
    <property name="java.vm.name" value="Java HotSpot(TM) 64-Bit Server VM"/>
    <property name="BUILD_NUMBER" value="16"/>
    <property name="JENKINS_URL" value="http://localhost:7070/"/>
    <property name="PROCESSOR_REVISION" value="8c01"/>
    <property name="ProgramW6432" value="C:\Program Files"/>
    <property name="windir" value="C:\WINDOWS"/>
    <property name="EFC_11684" value="1"/>
    <property name="=C:" value="C:\Users\mygoa\Desktop\java\jankins"/>
    <property name="ChocolateyLastPathUpdate" value="133224286544176030"/>
    <property name="file.encoding" value="Cp1252"/>
    <property name="SystemDrive" value="C:"/>
    <property name="maven3.interceptor" value="C:\Users\mygoa\.jenkins\plugins\maven-plugin\WEB-INF\lib\maven35-interceptor-1.14.jar"/>
    <property name="WORKSPACE_TMP" value="C:\Users\mygoa\.jenkins\workspace\ERSTestJob@tmp"/>
    <property name="WORKSPACE" value="C:\Users\mygoa\.jenkins\workspace\ERSTestJob"/>
    <property name="ChocolateyInstall" value="C:\ProgramData\chocolatey"/>
    <property name="maven3.interceptor.common" value="C:\Users\mygoa\.jenkins\plugins\maven-plugin\WEB-INF\lib\maven3-interceptor-commons-1.14.jar"/>
    <property name="java.specification.version" value="1.8"/>
    <property name="PSModulePath" value="C:\Program Files\WindowsPowerShell\Modules;C:\WINDOWS\system32\WindowsPowerShell\v1.0\Modules;C:\Program Files (x86)\Microsoft SQL Server\150\Tools\PowerShell\Modules\"/>
    <property name="DriverData" value="C:\Windows\System32\Drivers\DriverData"/>
  </properties>
  <testcase name="employeePageTitleTest" classname="com.qa.testcases.EmployeePageTest" time="0.007"/>
  <testcase name="homePageTitleTest" classname="com.qa.testcases.HomePageTest" time="0.007"/>
  <testcase name="jobRolePageTitleTest" classname="com.qa.testcases.JobRolePageTest" time="0.005"/>
  <testcase name="loginPageTitleTest" classname="com.qa.testcases.LoginPageTest" time="0.005"/>
  <testcase name="rewardPageTitleTest" classname="com.qa.testcases.RewardPageTest" time="0.012"/>
  <testcase name="employeePageLableTest" classname="com.qa.testcases.EmployeePageTest" time="0.038"/>
  <testcase name="employeePageLogoTest" classname="com.qa.testcases.EmployeePageTest" time="0.105"/>
  <testcase name="validateManuListTest" classname="com.qa.testcases.EmployeePageTest" time="0.031"/>
  <testcase name="homePageLogoTest" classname="com.qa.testcases.HomePageTest" time="0.097"/>
  <testcase name="validateManuListTest" classname="com.qa.testcases.HomePageTest" time="0.019"/>
  <testcase name="validateUserNameTest" classname="com.qa.testcases.HomePageTest" time="0.059"/>
  <testcase name="jobRolePageLableTest" classname="com.qa.testcases.JobRolePageTest" time="0.029"/>
  <testcase name="jobRolePageLogoTest" classname="com.qa.testcases.JobRolePageTest" time="0.11"/>
  <testcase name="validateManuListTest" classname="com.qa.testcases.JobRolePageTest" time="0.031"/>
  <testcase name="loginPageLogoTest" classname="com.qa.testcases.LoginPageTest" time="0.068"/>
  <testcase name="rewardPageLableTest" classname="com.qa.testcases.RewardPageTest" time="0.04"/>
  <testcase name="rewardPageLogoTest" classname="com.qa.testcases.RewardPageTest" time="0.083"/>
  <testcase name="saveEmployeeTest" classname="com.qa.testcases.EmployeePageTest" time="0"/>
  <testcase name="saveEmployeeTest" classname="com.qa.testcases.EmployeePageTest" time="0.001"/>
  <testcase name="saveEmployeeTest" classname="com.qa.testcases.EmployeePageTest" time="0"/>
  <testcase name="EmployeesLinkTest" classname="com.qa.testcases.HomePageTest" time="0.259"/>
  <testcase name="JobRoleLinkTest" classname="com.qa.testcases.HomePageTest" time="0.233"/>
  <testcase name="RewardLinkTest" classname="com.qa.testcases.HomePageTest" time="0.222"/>
  <testcase name="dasbordLinkTest" classname="com.qa.testcases.HomePageTest" time="0.169"/>
  <testcase name="saveJovRoleTest" classname="com.qa.testcases.JobRolePageTest" time="0.649"/>
  <testcase name="loginTest" classname="com.qa.testcases.LoginPageTest" time="0.47"/>
  <testcase name="validateManuListTest" classname="com.qa.testcases.RewardPageTest" time="0.04"/>
</testsuite>