<?xml version="1.0" encoding="UTF-8"?>
<!-- Generated by org.testng.reporters.JUnitReportReporter -->
<testsuite hostname="DESKTOP-76BMBH5" name="com.qa.testcases.LoginPageTest" tests="3" failures="0" timestamp="16 Jun 2023 02:30:09 GMT" time="8.439" errors="0">
  <testcase name="loginPageLogoTest" time="2.670" classname="com.qa.testcases.LoginPageTest"/>
  <testcase name="loginPageTitleTest" time="2.547" classname="com.qa.testcases.LoginPageTest"/>
  <testcase name="loginTest" time="3.222" classname="com.qa.testcases.LoginPageTest"/>
</testsuite> <!-- com.qa.testcases.LoginPageTest -->
