<?xml version="1.0" encoding="UTF-8"?>
<!-- Generated by org.testng.reporters.JUnitReportReporter -->
<testsuite hostname="DESKTOP-76BMBH5" name="com.qa.testcases.HomePageTest" tests="8" failures="0" timestamp="16 Jun 2023 02:30:09 GMT" time="28.283" errors="0">
  <testcase name="validateManuListTest" time="3.440" classname="com.qa.testcases.HomePageTest"/>
  <testcase name="homePageTitleTest" time="3.348" classname="com.qa.testcases.HomePageTest"/>
  <testcase name="RewardLinkTest" time="3.468" classname="com.qa.testcases.HomePageTest"/>
  <testcase name="validateUserNameTest" time="3.395" classname="com.qa.testcases.HomePageTest"/>
  <testcase name="EmployeesLinkTest" time="3.760" classname="com.qa.testcases.HomePageTest"/>
  <testcase name="homePageLogoTest" time="3.422" classname="com.qa.testcases.HomePageTest"/>
  <testcase name="JobRoleLinkTest" time="3.667" classname="com.qa.testcases.HomePageTest"/>
  <testcase name="dasbordLinkTest" time="3.783" classname="com.qa.testcases.HomePageTest"/>
</testsuite> <!-- com.qa.testcases.HomePageTest -->
