<?xml version="1.0" encoding="UTF-8"?>
<!-- Generated by org.testng.reporters.JUnitReportReporter -->
<testsuite hostname="DESKTOP-76BMBH5" name="com.qa.testcases.RewardPageTest" tests="4" failures="0" timestamp="16 Jun 2023 02:30:09 GMT" time="14.912" errors="0">
  <testcase name="rewardPageLableTest" time="3.681" classname="com.qa.testcases.RewardPageTest"/>
  <testcase name="validateManuListTest" time="3.721" classname="com.qa.testcases.RewardPageTest"/>
  <testcase name="rewardPageLogoTest" time="3.703" classname="com.qa.testcases.RewardPageTest"/>
  <testcase name="rewardPageTitleTest" time="3.807" classname="com.qa.testcases.RewardPageTest"/>
</testsuite> <!-- com.qa.testcases.RewardPageTest -->
