<?xml version="1.0" encoding="UTF-8"?>
<!-- Generated by org.testng.reporters.JUnitReportReporter -->
<testsuite hostname="DESKTOP-76BMBH5" name="com.qa.testcases.HomePageTest" tests="8" failures="0" timestamp="19 Jun 2023 19:20:22 GMT" time="30.157" errors="0">
  <testcase name="JobRoleLinkTest" time="3.969" classname="com.qa.testcases.HomePageTest"/>
  <testcase name="homePageLogoTest" time="3.851" classname="com.qa.testcases.HomePageTest"/>
  <testcase name="validateUserNameTest" time="3.783" classname="com.qa.testcases.HomePageTest"/>
  <testcase name="EmployeesLinkTest" time="4.019" classname="com.qa.testcases.HomePageTest"/>
  <testcase name="dasbordLinkTest" time="3.627" classname="com.qa.testcases.HomePageTest"/>
  <testcase name="RewardLinkTest" time="3.786" classname="com.qa.testcases.HomePageTest"/>
  <testcase name="homePageTitleTest" time="3.638" classname="com.qa.testcases.HomePageTest"/>
  <testcase name="validateManuListTest" time="3.484" classname="com.qa.testcases.HomePageTest"/>
</testsuite> <!-- com.qa.testcases.HomePageTest -->
