<?xml version="1.0" encoding="UTF-8"?>
<!-- Generated by org.testng.reporters.JUnitReportReporter -->
<testsuite hostname="DESKTOP-76BMBH5" name="com.qa.testcases.EventPageTest" tests="5" failures="0" timestamp="23 Jun 2023 21:00:29 GMT" time="17.557" errors="0">
  <testcase name="saveEventTest" time="5.124" classname="com.qa.testcases.EventPageTest"/>
  <testcase name="eventPageLogoTest" time="2.952" classname="com.qa.testcases.EventPageTest"/>
  <testcase name="validateManuListTest" time="2.841" classname="com.qa.testcases.EventPageTest"/>
  <testcase name="eventPageTitleTest" time="2.838" classname="com.qa.testcases.EventPageTest"/>
  <testcase name="eventPageLableTest" time="3.802" classname="com.qa.testcases.EventPageTest"/>
</testsuite> <!-- com.qa.testcases.EventPageTest -->
