<?xml version="1.0" encoding="UTF-8"?>
<!-- Generated by org.testng.reporters.JUnitReportReporter -->
<testsuite hostname="DESKTOP-76BMBH5" name="com.qa.testcases.JobRolePageTest" tests="5" failures="0" timestamp="16 Jun 2023 02:30:09 GMT" time="19.933" errors="0">
  <testcase name="jobRolePageLogoTest" time="3.856" classname="com.qa.testcases.JobRolePageTest"/>
  <testcase name="validateManuListTest" time="3.846" classname="com.qa.testcases.JobRolePageTest"/>
  <testcase name="saveJovRoleTest" time="4.566" classname="com.qa.testcases.JobRolePageTest"/>
  <testcase name="jobRolePageLableTest" time="3.952" classname="com.qa.testcases.JobRolePageTest"/>
  <testcase name="jobRolePageTitleTest" time="3.713" classname="com.qa.testcases.JobRolePageTest"/>
</testsuite> <!-- com.qa.testcases.JobRolePageTest -->
