<?xml version="1.0" encoding="UTF-8"?>
<!-- Generated by org.testng.reporters.JUnitReportReporter -->
<testsuite hostname="DESKTOP-76BMBH5" name="com.qa.testcases.LoginPageTest" tests="3" failures="0" timestamp="19 Jun 2023 19:27:07 GMT" time="10.098" errors="0">
  <testcase name="loginTest" time="4.382" classname="com.qa.testcases.LoginPageTest"/>
  <testcase name="loginPageLogoTest" time="2.954" classname="com.qa.testcases.LoginPageTest"/>
  <testcase name="loginPageTitleTest" time="2.762" classname="com.qa.testcases.LoginPageTest"/>
</testsuite> <!-- com.qa.testcases.LoginPageTest -->
