<?xml version="1.0" encoding="UTF-8"?>
<!-- Generated by org.testng.reporters.JUnitReportReporter -->
<testsuite hostname="DESKTOP-76BMBH5" name="com.qa.testcases.EmployeePageTest" tests="7" failures="0" timestamp="16 Jun 2023 02:30:09 GMT" time="28.689" errors="0">
  <testcase name="employeePageTitleTest" time="3.800" classname="com.qa.testcases.EmployeePageTest"/>
  <testcase name="saveEmployeeTest" time="3.737" classname="com.qa.testcases.EmployeePageTest"/>
  <testcase name="saveEmployeeTest" time="3.853" classname="com.qa.testcases.EmployeePageTest"/>
  <testcase name="employeePageLableTest" time="5.471" classname="com.qa.testcases.EmployeePageTest"/>
  <testcase name="saveEmployeeTest" time="4.092" classname="com.qa.testcases.EmployeePageTest"/>
  <testcase name="validateManuListTest" time="3.866" classname="com.qa.testcases.EmployeePageTest"/>
  <testcase name="employeePageLogoTest" time="3.870" classname="com.qa.testcases.EmployeePageTest"/>
</testsuite> <!-- com.qa.testcases.EmployeePageTest -->
