<?xml version="1.0" encoding="UTF-8"?>
<!-- Generated by org.testng.reporters.JUnitReportReporter -->
<testsuite name="com.qa.testcases.HomePageTest" tests="8" time="31.520" ignored="0" failures="0" timestamp="19 Jun 2023 19:18:31 GMT" skipped="0" hostname="DESKTOP-76BMBH5" errors="0">
  <testcase name="validateManuListTest" time="3.670" classname="com.qa.testcases.HomePageTest"/>
  <testcase name="homePageLogoTest" time="3.745" classname="com.qa.testcases.HomePageTest"/>
  <testcase name="homePageTitleTest" time="4.168" classname="com.qa.testcases.HomePageTest"/>
  <testcase name="EmployeesLinkTest" time="4.240" classname="com.qa.testcases.HomePageTest"/>
  <testcase name="validateUserNameTest" time="3.788" classname="com.qa.testcases.HomePageTest"/>
  <testcase name="JobRoleLinkTest" time="4.325" classname="com.qa.testcases.HomePageTest"/>
  <testcase name="dasbordLinkTest" time="3.661" classname="com.qa.testcases.HomePageTest"/>
  <testcase name="RewardLinkTest" time="3.923" classname="com.qa.testcases.HomePageTest"/>
</testsuite> <!-- com.qa.testcases.HomePageTest -->
