<?xml version="1.0" encoding="UTF-8"?>
<!-- Generated by org.testng.reporters.JUnitReportReporter -->
<testsuite name="com.qa.testcases.JobRolePageTest" tests="5" time="22.015" ignored="0" failures="0" timestamp="19 Jun 2023 19:18:31 GMT" skipped="0" hostname="DESKTOP-76BMBH5" errors="0">
  <testcase name="jobRolePageLableTest" time="4.088" classname="com.qa.testcases.JobRolePageTest"/>
  <testcase name="jobRolePageLogoTest" time="4.258" classname="com.qa.testcases.JobRolePageTest"/>
  <testcase name="saveJovRoleTest" time="5.362" classname="com.qa.testcases.JobRolePageTest"/>
  <testcase name="validateManuListTest" time="4.020" classname="com.qa.testcases.JobRolePageTest"/>
  <testcase name="jobRolePageTitleTest" time="4.287" classname="com.qa.testcases.JobRolePageTest"/>
</testsuite> <!-- com.qa.testcases.JobRolePageTest -->
