<?xml version="1.0" encoding="UTF-8"?>
<!-- Generated by org.testng.reporters.JUnitReportReporter -->
<testsuite name="com.qa.testcases.RewardPageTest" tests="4" time="11.889" ignored="0" failures="0" timestamp="16 Jun 2023 21:26:53 GMT" skipped="0" hostname="DESKTOP-76BMBH5" errors="0">
  <testcase name="rewardPageLableTest" time="2.837" classname="com.qa.testcases.RewardPageTest"/>
  <testcase name="rewardPageTitleTest" time="2.871" classname="com.qa.testcases.RewardPageTest"/>
  <testcase name="validateManuListTest" time="2.957" classname="com.qa.testcases.RewardPageTest"/>
  <testcase name="rewardPageLogoTest" time="3.224" classname="com.qa.testcases.RewardPageTest"/>
</testsuite> <!-- com.qa.testcases.RewardPageTest -->
