<?xml version="1.0" encoding="UTF-8"?>
<!-- Generated by org.testng.reporters.JUnitReportReporter -->
<testsuite name="com.qa.testcases.HomePageTest" tests="8" time="22.266" ignored="0" failures="0" timestamp="16 Jun 2023 21:26:53 GMT" skipped="0" hostname="DESKTOP-76BMBH5" errors="0">
  <testcase name="validateManuListTest" time="2.628" classname="com.qa.testcases.HomePageTest"/>
  <testcase name="homePageLogoTest" time="2.749" classname="com.qa.testcases.HomePageTest"/>
  <testcase name="homePageTitleTest" time="2.669" classname="com.qa.testcases.HomePageTest"/>
  <testcase name="EmployeesLinkTest" time="2.929" classname="com.qa.testcases.HomePageTest"/>
  <testcase name="validateUserNameTest" time="2.759" classname="com.qa.testcases.HomePageTest"/>
  <testcase name="JobRoleLinkTest" time="2.832" classname="com.qa.testcases.HomePageTest"/>
  <testcase name="dasbordLinkTest" time="2.846" classname="com.qa.testcases.HomePageTest"/>
  <testcase name="RewardLinkTest" time="2.854" classname="com.qa.testcases.HomePageTest"/>
</testsuite> <!-- com.qa.testcases.HomePageTest -->
