<?xml version="1.0" encoding="UTF-8"?>
<!-- Generated by org.testng.reporters.JUnitReportReporter -->
<testsuite name="com.qa.testcases.RewardPageTest" tests="4" time="16.218" ignored="0" failures="0" timestamp="19 Jun 2023 19:18:31 GMT" skipped="0" hostname="DESKTOP-76BMBH5" errors="0">
  <testcase name="rewardPageLableTest" time="4.081" classname="com.qa.testcases.RewardPageTest"/>
  <testcase name="rewardPageTitleTest" time="3.963" classname="com.qa.testcases.RewardPageTest"/>
  <testcase name="validateManuListTest" time="4.137" classname="com.qa.testcases.RewardPageTest"/>
  <testcase name="rewardPageLogoTest" time="4.037" classname="com.qa.testcases.RewardPageTest"/>
</testsuite> <!-- com.qa.testcases.RewardPageTest -->
