<?xml version="1.0" encoding="UTF-8"?>
<!-- Generated by org.testng.reporters.JUnitReportReporter -->
<testsuite name="com.qa.testcases.EmployeePageTest" tests="7" time="30.810" ignored="0" failures="0" timestamp="19 Jun 2023 19:18:31 GMT" skipped="0" hostname="DESKTOP-76BMBH5" errors="0">
  <testcase name="saveEmployeeTest" time="4.267" classname="com.qa.testcases.EmployeePageTest"/>
  <testcase name="validateManuListTest" time="5.035" classname="com.qa.testcases.EmployeePageTest"/>
  <testcase name="saveEmployeeTest" time="4.191" classname="com.qa.testcases.EmployeePageTest"/>
  <testcase name="employeePageLogoTest" time="4.432" classname="com.qa.testcases.EmployeePageTest"/>
  <testcase name="employeePageLableTest" time="4.377" classname="com.qa.testcases.EmployeePageTest"/>
  <testcase name="saveEmployeeTest" time="4.439" classname="com.qa.testcases.EmployeePageTest"/>
  <testcase name="employeePageTitleTest" time="4.069" classname="com.qa.testcases.EmployeePageTest"/>
</testsuite> <!-- com.qa.testcases.EmployeePageTest -->
