<?xml version="1.0" encoding="UTF-8"?>
<!-- Generated by org.testng.reporters.JUnitReportReporter -->
<testsuite name="com.qa.testcases.JobRolePageTest" tests="5" time="15.359" ignored="0" failures="0" timestamp="16 Jun 2023 21:26:53 GMT" skipped="0" hostname="DESKTOP-76BMBH5" errors="0">
  <testcase name="jobRolePageLableTest" time="3.046" classname="com.qa.testcases.JobRolePageTest"/>
  <testcase name="jobRolePageLogoTest" time="2.992" classname="com.qa.testcases.JobRolePageTest"/>
  <testcase name="saveJovRoleTest" time="3.470" classname="com.qa.testcases.JobRolePageTest"/>
  <testcase name="validateManuListTest" time="2.908" classname="com.qa.testcases.JobRolePageTest"/>
  <testcase name="jobRolePageTitleTest" time="2.943" classname="com.qa.testcases.JobRolePageTest"/>
</testsuite> <!-- com.qa.testcases.JobRolePageTest -->
