<?xml version="1.0" encoding="UTF-8"?>
<!-- Generated by org.testng.reporters.JUnitReportReporter -->
<testsuite name="com.qa.testcases.EmployeePageTest" tests="7" time="23.506" ignored="0" failures="0" timestamp="16 Jun 2023 21:26:53 GMT" skipped="0" hostname="DESKTOP-76BMBH5" errors="0">
  <testcase name="saveEmployeeTest" time="2.999" classname="com.qa.testcases.EmployeePageTest"/>
  <testcase name="validateManuListTest" time="5.440" classname="com.qa.testcases.EmployeePageTest"/>
  <testcase name="saveEmployeeTest" time="2.943" classname="com.qa.testcases.EmployeePageTest"/>
  <testcase name="employeePageLogoTest" time="2.955" classname="com.qa.testcases.EmployeePageTest"/>
  <testcase name="employeePageLableTest" time="3.204" classname="com.qa.testcases.EmployeePageTest"/>
  <testcase name="saveEmployeeTest" time="3.025" classname="com.qa.testcases.EmployeePageTest"/>
  <testcase name="employeePageTitleTest" time="2.940" classname="com.qa.testcases.EmployeePageTest"/>
</testsuite> <!-- com.qa.testcases.EmployeePageTest -->
