<?xml version="1.0" encoding="UTF-8"?>
<!-- Generated by org.testng.reporters.JUnitReportReporter -->
<testsuite name="com.qa.testcases.LoginPageTest" tests="3" time="7.002" ignored="0" failures="0" timestamp="16 Jun 2023 21:26:53 GMT" skipped="0" hostname="DESKTOP-76BMBH5" errors="0">
  <testcase name="loginTest" time="2.597" classname="com.qa.testcases.LoginPageTest"/>
  <testcase name="loginPageTitleTest" time="2.203" classname="com.qa.testcases.LoginPageTest"/>
  <testcase name="loginPageLogoTest" time="2.202" classname="com.qa.testcases.LoginPageTest"/>
</testsuite> <!-- com.qa.testcases.LoginPageTest -->
