<?xml version="1.0" encoding="UTF-8"?>
<!-- Generated by org.testng.reporters.JUnitReportReporter -->
<testsuite name="com.qa.testcases.LoginPageTest" tests="3" time="9.071" ignored="0" failures="0" timestamp="19 Jun 2023 19:18:31 GMT" skipped="0" hostname="DESKTOP-76BMBH5" errors="0">
  <testcase name="loginTest" time="3.411" classname="com.qa.testcases.LoginPageTest"/>
  <testcase name="loginPageTitleTest" time="2.795" classname="com.qa.testcases.LoginPageTest"/>
  <testcase name="loginPageLogoTest" time="2.865" classname="com.qa.testcases.LoginPageTest"/>
</testsuite> <!-- com.qa.testcases.LoginPageTest -->
